[0.191s] DEBUG:colcon:Command line arguments: ['/usr/bin/colcon', 'build']
[0.192s] DEBUG:colcon:Parsed command line arguments: Namespace(log_base=None, log_level=None, verb_name='build', build_base='build', install_base='install', merge_install=False, symlink_install=False, test_result_base=None, continue_on_error=False, executor='parallel', parallel_workers=4, event_handlers=None, ignore_user_meta=False, metas=['./colcon.meta'], base_paths=['.'], packages_ignore=None, packages_ignore_regex=None, paths=None, packages_up_to=None, packages_up_to_regex=None, packages_above=None, packages_above_and_dependencies=None, packages_above_depth=None, packages_select_by_dep=None, packages_skip_by_dep=None, packages_skip_up_to=None, packages_select_build_failed=False, packages_skip_build_finished=False, packages_select_test_failures=False, packages_skip_test_passed=False, packages_select=None, packages_skip=None, packages_select_regex=None, packages_skip_regex=None, packages_start=None, packages_end=None, allow_overriding=[], cmake_args=None, cmake_target=None, cmake_target_skip_unavailable=False, cmake_clean_cache=False, cmake_clean_first=False, cmake_force_configure=False, ament_cmake_args=None, catkin_cmake_args=None, catkin_skip_building_tests=False, mixin_files=None, mixin=None, verb_parser=<colcon_mixin.mixin.mixin_argument.MixinArgumentDecorator object at 0xffff912ea960>, verb_extension=<colcon_core.verb.build.BuildVerb object at 0xffff912ea510>, main=<bound method BuildVerb.main of <colcon_core.verb.build.BuildVerb object at 0xffff912ea510>>, mixin_verb=('build',))
[0.251s] Level 1:colcon.colcon_core.package_discovery:discover_packages(colcon_meta) check parameters
[0.251s] Level 1:colcon.colcon_core.package_discovery:discover_packages(recursive) check parameters
[0.252s] Level 1:colcon.colcon_core.package_discovery:discover_packages(ignore) check parameters
[0.252s] Level 1:colcon.colcon_core.package_discovery:discover_packages(path) check parameters
[0.252s] Level 1:colcon.colcon_core.package_discovery:discover_packages(colcon_meta) discover
[0.252s] Level 1:colcon.colcon_core.package_discovery:discover_packages(recursive) discover
[0.252s] INFO:colcon.colcon_core.package_discovery:Crawling recursively for packages in '/home/jetcobot/dev_ws'
[0.252s] Level 1:colcon.colcon_core.package_identification:_identify(.) by extensions ['ignore', 'ignore_ament_install']
[0.252s] Level 1:colcon.colcon_core.package_identification:_identify(.) by extension 'ignore'
[0.252s] Level 1:colcon.colcon_core.package_identification:_identify(.) by extension 'ignore_ament_install'
[0.252s] Level 1:colcon.colcon_core.package_identification:_identify(.) by extensions ['colcon_pkg']
[0.252s] Level 1:colcon.colcon_core.package_identification:_identify(.) by extension 'colcon_pkg'
[0.252s] Level 1:colcon.colcon_core.package_identification:_identify(.) by extensions ['colcon_meta']
[0.252s] Level 1:colcon.colcon_core.package_identification:_identify(.) by extension 'colcon_meta'
[0.252s] Level 1:colcon.colcon_core.package_identification:_identify(.) by extensions ['ros']
[0.252s] Level 1:colcon.colcon_core.package_identification:_identify(.) by extension 'ros'
[0.292s] Level 1:colcon.colcon_core.package_identification:_identify(.) by extensions ['cmake', 'python']
[0.292s] Level 1:colcon.colcon_core.package_identification:_identify(.) by extension 'cmake'
[0.292s] Level 1:colcon.colcon_core.package_identification:_identify(.) by extension 'python'
[0.292s] Level 1:colcon.colcon_core.package_identification:_identify(.) by extensions ['python_setup_py']
[0.292s] Level 1:colcon.colcon_core.package_identification:_identify(.) by extension 'python_setup_py'
[0.292s] Level 1:colcon.colcon_core.package_identification:_identify(build) by extensions ['ignore', 'ignore_ament_install']
[0.292s] Level 1:colcon.colcon_core.package_identification:_identify(build) by extension 'ignore'
[0.292s] Level 1:colcon.colcon_core.package_identification:_identify(build) ignored
[0.292s] Level 1:colcon.colcon_core.package_identification:_identify(install) by extensions ['ignore', 'ignore_ament_install']
[0.293s] Level 1:colcon.colcon_core.package_identification:_identify(install) by extension 'ignore'
[0.293s] Level 1:colcon.colcon_core.package_identification:_identify(install) ignored
[0.293s] Level 1:colcon.colcon_core.package_identification:_identify(log) by extensions ['ignore', 'ignore_ament_install']
[0.293s] Level 1:colcon.colcon_core.package_identification:_identify(log) by extension 'ignore'
[0.293s] Level 1:colcon.colcon_core.package_identification:_identify(log) ignored
[0.293s] Level 1:colcon.colcon_core.package_identification:_identify(src) by extensions ['ignore', 'ignore_ament_install']
[0.293s] Level 1:colcon.colcon_core.package_identification:_identify(src) by extension 'ignore'
[0.293s] Level 1:colcon.colcon_core.package_identification:_identify(src) by extension 'ignore_ament_install'
[0.293s] Level 1:colcon.colcon_core.package_identification:_identify(src) by extensions ['colcon_pkg']
[0.293s] Level 1:colcon.colcon_core.package_identification:_identify(src) by extension 'colcon_pkg'
[0.293s] Level 1:colcon.colcon_core.package_identification:_identify(src) by extensions ['colcon_meta']
[0.293s] Level 1:colcon.colcon_core.package_identification:_identify(src) by extension 'colcon_meta'
[0.293s] Level 1:colcon.colcon_core.package_identification:_identify(src) by extensions ['ros']
[0.293s] Level 1:colcon.colcon_core.package_identification:_identify(src) by extension 'ros'
[0.293s] Level 1:colcon.colcon_core.package_identification:_identify(src) by extensions ['cmake', 'python']
[0.294s] Level 1:colcon.colcon_core.package_identification:_identify(src) by extension 'cmake'
[0.294s] Level 1:colcon.colcon_core.package_identification:_identify(src) by extension 'python'
[0.294s] Level 1:colcon.colcon_core.package_identification:_identify(src) by extensions ['python_setup_py']
[0.294s] Level 1:colcon.colcon_core.package_identification:_identify(src) by extension 'python_setup_py'
[0.294s] Level 1:colcon.colcon_core.package_identification:_identify(src/mycobot_control) by extensions ['ignore', 'ignore_ament_install']
[0.294s] Level 1:colcon.colcon_core.package_identification:_identify(src/mycobot_control) by extension 'ignore'
[0.294s] Level 1:colcon.colcon_core.package_identification:_identify(src/mycobot_control) by extension 'ignore_ament_install'
[0.294s] Level 1:colcon.colcon_core.package_identification:_identify(src/mycobot_control) by extensions ['colcon_pkg']
[0.294s] Level 1:colcon.colcon_core.package_identification:_identify(src/mycobot_control) by extension 'colcon_pkg'
[0.294s] Level 1:colcon.colcon_core.package_identification:_identify(src/mycobot_control) by extensions ['colcon_meta']
[0.294s] Level 1:colcon.colcon_core.package_identification:_identify(src/mycobot_control) by extension 'colcon_meta'
[0.294s] Level 1:colcon.colcon_core.package_identification:_identify(src/mycobot_control) by extensions ['ros']
[0.294s] Level 1:colcon.colcon_core.package_identification:_identify(src/mycobot_control) by extension 'ros'
[0.297s] DEBUG:colcon.colcon_core.package_identification:Package 'src/mycobot_control' with type 'ros.ament_python' and name 'mycobot_control'
[0.297s] Level 1:colcon.colcon_core.package_identification:_identify(src/pose_ArUco) by extensions ['ignore', 'ignore_ament_install']
[0.297s] Level 1:colcon.colcon_core.package_identification:_identify(src/pose_ArUco) by extension 'ignore'
[0.298s] Level 1:colcon.colcon_core.package_identification:_identify(src/pose_ArUco) by extension 'ignore_ament_install'
[0.298s] Level 1:colcon.colcon_core.package_identification:_identify(src/pose_ArUco) by extensions ['colcon_pkg']
[0.298s] Level 1:colcon.colcon_core.package_identification:_identify(src/pose_ArUco) by extension 'colcon_pkg'
[0.298s] Level 1:colcon.colcon_core.package_identification:_identify(src/pose_ArUco) by extensions ['colcon_meta']
[0.298s] Level 1:colcon.colcon_core.package_identification:_identify(src/pose_ArUco) by extension 'colcon_meta'
[0.298s] Level 1:colcon.colcon_core.package_identification:_identify(src/pose_ArUco) by extensions ['ros']
[0.298s] Level 1:colcon.colcon_core.package_identification:_identify(src/pose_ArUco) by extension 'ros'
[0.298s] Level 1:colcon.colcon_core.package_identification:_identify(src/pose_ArUco) by extensions ['cmake', 'python']
[0.298s] Level 1:colcon.colcon_core.package_identification:_identify(src/pose_ArUco) by extension 'cmake'
[0.298s] Level 1:colcon.colcon_core.package_identification:_identify(src/pose_ArUco) by extension 'python'
[0.298s] Level 1:colcon.colcon_core.package_identification:_identify(src/pose_ArUco) by extensions ['python_setup_py']
[0.298s] Level 1:colcon.colcon_core.package_identification:_identify(src/pose_ArUco) by extension 'python_setup_py'
[0.298s] Level 1:colcon.colcon_core.package_identification:_identify(src/pose_ArUco/__pycache__) by extensions ['ignore', 'ignore_ament_install']
[0.298s] Level 1:colcon.colcon_core.package_identification:_identify(src/pose_ArUco/__pycache__) by extension 'ignore'
[0.298s] Level 1:colcon.colcon_core.package_identification:_identify(src/pose_ArUco/__pycache__) by extension 'ignore_ament_install'
[0.298s] Level 1:colcon.colcon_core.package_identification:_identify(src/pose_ArUco/__pycache__) by extensions ['colcon_pkg']
[0.298s] Level 1:colcon.colcon_core.package_identification:_identify(src/pose_ArUco/__pycache__) by extension 'colcon_pkg'
[0.298s] Level 1:colcon.colcon_core.package_identification:_identify(src/pose_ArUco/__pycache__) by extensions ['colcon_meta']
[0.299s] Level 1:colcon.colcon_core.package_identification:_identify(src/pose_ArUco/__pycache__) by extension 'colcon_meta'
[0.299s] Level 1:colcon.colcon_core.package_identification:_identify(src/pose_ArUco/__pycache__) by extensions ['ros']
[0.299s] Level 1:colcon.colcon_core.package_identification:_identify(src/pose_ArUco/__pycache__) by extension 'ros'
[0.299s] Level 1:colcon.colcon_core.package_identification:_identify(src/pose_ArUco/__pycache__) by extensions ['cmake', 'python']
[0.299s] Level 1:colcon.colcon_core.package_identification:_identify(src/pose_ArUco/__pycache__) by extension 'cmake'
[0.299s] Level 1:colcon.colcon_core.package_identification:_identify(src/pose_ArUco/__pycache__) by extension 'python'
[0.299s] Level 1:colcon.colcon_core.package_identification:_identify(src/pose_ArUco/__pycache__) by extensions ['python_setup_py']
[0.299s] Level 1:colcon.colcon_core.package_identification:_identify(src/pose_ArUco/__pycache__) by extension 'python_setup_py'
[0.299s] Level 1:colcon.colcon_core.package_identification:_identify(src/pose_ArUco/aruco_marker) by extensions ['ignore', 'ignore_ament_install']
[0.299s] Level 1:colcon.colcon_core.package_identification:_identify(src/pose_ArUco/aruco_marker) by extension 'ignore'
[0.299s] Level 1:colcon.colcon_core.package_identification:_identify(src/pose_ArUco/aruco_marker) by extension 'ignore_ament_install'
[0.299s] Level 1:colcon.colcon_core.package_identification:_identify(src/pose_ArUco/aruco_marker) by extensions ['colcon_pkg']
[0.299s] Level 1:colcon.colcon_core.package_identification:_identify(src/pose_ArUco/aruco_marker) by extension 'colcon_pkg'
[0.299s] Level 1:colcon.colcon_core.package_identification:_identify(src/pose_ArUco/aruco_marker) by extensions ['colcon_meta']
[0.299s] Level 1:colcon.colcon_core.package_identification:_identify(src/pose_ArUco/aruco_marker) by extension 'colcon_meta'
[0.299s] Level 1:colcon.colcon_core.package_identification:_identify(src/pose_ArUco/aruco_marker) by extensions ['ros']
[0.299s] Level 1:colcon.colcon_core.package_identification:_identify(src/pose_ArUco/aruco_marker) by extension 'ros'
[0.299s] Level 1:colcon.colcon_core.package_identification:_identify(src/pose_ArUco/aruco_marker) by extensions ['cmake', 'python']
[0.299s] Level 1:colcon.colcon_core.package_identification:_identify(src/pose_ArUco/aruco_marker) by extension 'cmake'
[0.300s] Level 1:colcon.colcon_core.package_identification:_identify(src/pose_ArUco/aruco_marker) by extension 'python'
[0.300s] Level 1:colcon.colcon_core.package_identification:_identify(src/pose_ArUco/aruco_marker) by extensions ['python_setup_py']
[0.300s] Level 1:colcon.colcon_core.package_identification:_identify(src/pose_ArUco/aruco_marker) by extension 'python_setup_py'
[0.300s] Level 1:colcon.colcon_core.package_identification:_identify(src/pose_ArUco/calibration_checkerboard) by extensions ['ignore', 'ignore_ament_install']
[0.300s] Level 1:colcon.colcon_core.package_identification:_identify(src/pose_ArUco/calibration_checkerboard) by extension 'ignore'
[0.300s] Level 1:colcon.colcon_core.package_identification:_identify(src/pose_ArUco/calibration_checkerboard) by extension 'ignore_ament_install'
[0.300s] Level 1:colcon.colcon_core.package_identification:_identify(src/pose_ArUco/calibration_checkerboard) by extensions ['colcon_pkg']
[0.300s] Level 1:colcon.colcon_core.package_identification:_identify(src/pose_ArUco/calibration_checkerboard) by extension 'colcon_pkg'
[0.300s] Level 1:colcon.colcon_core.package_identification:_identify(src/pose_ArUco/calibration_checkerboard) by extensions ['colcon_meta']
[0.300s] Level 1:colcon.colcon_core.package_identification:_identify(src/pose_ArUco/calibration_checkerboard) by extension 'colcon_meta'
[0.300s] Level 1:colcon.colcon_core.package_identification:_identify(src/pose_ArUco/calibration_checkerboard) by extensions ['ros']
[0.300s] Level 1:colcon.colcon_core.package_identification:_identify(src/pose_ArUco/calibration_checkerboard) by extension 'ros'
[0.300s] Level 1:colcon.colcon_core.package_identification:_identify(src/pose_ArUco/calibration_checkerboard) by extensions ['cmake', 'python']
[0.300s] Level 1:colcon.colcon_core.package_identification:_identify(src/pose_ArUco/calibration_checkerboard) by extension 'cmake'
[0.300s] Level 1:colcon.colcon_core.package_identification:_identify(src/pose_ArUco/calibration_checkerboard) by extension 'python'
[0.300s] Level 1:colcon.colcon_core.package_identification:_identify(src/pose_ArUco/calibration_checkerboard) by extensions ['python_setup_py']
[0.300s] Level 1:colcon.colcon_core.package_identification:_identify(src/pose_ArUco/calibration_checkerboard) by extension 'python_setup_py'
[0.300s] Level 1:colcon.colcon_core.package_discovery:discover_packages(recursive) using defaults
[0.300s] Level 1:colcon.colcon_core.package_discovery:discover_packages(ignore) discover
[0.301s] Level 1:colcon.colcon_core.package_discovery:discover_packages(ignore) using defaults
[0.301s] Level 1:colcon.colcon_core.package_discovery:discover_packages(path) discover
[0.301s] Level 1:colcon.colcon_core.package_discovery:discover_packages(path) using defaults
[0.332s] Level 1:colcon.colcon_core.package_discovery:discover_packages(prefix_path) check parameters
[0.332s] Level 1:colcon.colcon_core.package_discovery:discover_packages(prefix_path) discover
[0.337s] DEBUG:colcon.colcon_installed_package_information.package_discovery:Found 1 installed packages in /home/jetcobot/dev_ws/install
[0.339s] DEBUG:colcon.colcon_installed_package_information.package_discovery:Found 32 installed packages in /home/jetcobot/mycobot_ros2/install
[0.341s] DEBUG:colcon.colcon_installed_package_information.package_discovery:Found 35 installed packages in /home/jetcobot/henok_ws/install
[0.345s] DEBUG:colcon.colcon_installed_package_information.package_discovery:Found 380 installed packages in /opt/ros/jazzy
[0.347s] Level 1:colcon.colcon_core.package_discovery:discover_packages(prefix_path) using defaults
[0.431s] Level 5:colcon.colcon_core.verb:set package 'mycobot_control' build argument 'cmake_args' from command line to 'None'
[0.431s] Level 5:colcon.colcon_core.verb:set package 'mycobot_control' build argument 'cmake_target' from command line to 'None'
[0.431s] Level 5:colcon.colcon_core.verb:set package 'mycobot_control' build argument 'cmake_target_skip_unavailable' from command line to 'False'
[0.431s] Level 5:colcon.colcon_core.verb:set package 'mycobot_control' build argument 'cmake_clean_cache' from command line to 'False'
[0.431s] Level 5:colcon.colcon_core.verb:set package 'mycobot_control' build argument 'cmake_clean_first' from command line to 'False'
[0.431s] Level 5:colcon.colcon_core.verb:set package 'mycobot_control' build argument 'cmake_force_configure' from command line to 'False'
[0.431s] Level 5:colcon.colcon_core.verb:set package 'mycobot_control' build argument 'ament_cmake_args' from command line to 'None'
[0.431s] Level 5:colcon.colcon_core.verb:set package 'mycobot_control' build argument 'catkin_cmake_args' from command line to 'None'
[0.431s] Level 5:colcon.colcon_core.verb:set package 'mycobot_control' build argument 'catkin_skip_building_tests' from command line to 'False'
[0.431s] DEBUG:colcon.colcon_core.verb:Building package 'mycobot_control' with the following arguments: {'ament_cmake_args': None, 'build_base': '/home/jetcobot/dev_ws/build/mycobot_control', 'catkin_cmake_args': None, 'catkin_skip_building_tests': False, 'cmake_args': None, 'cmake_clean_cache': False, 'cmake_clean_first': False, 'cmake_force_configure': False, 'cmake_target': None, 'cmake_target_skip_unavailable': False, 'install_base': '/home/jetcobot/dev_ws/install/mycobot_control', 'merge_install': False, 'path': '/home/jetcobot/dev_ws/src/mycobot_control', 'symlink_install': False, 'test_result_base': None}
[0.431s] INFO:colcon.colcon_core.executor:Executing jobs using 'parallel' executor
[0.433s] DEBUG:colcon.colcon_parallel_executor.executor.parallel:run_until_complete
[0.433s] INFO:colcon.colcon_ros.task.ament_python.build:Building ROS package in '/home/jetcobot/dev_ws/src/mycobot_control' with build type 'ament_python'
[0.433s] Level 1:colcon.colcon_core.shell:create_environment_hook('mycobot_control', 'ament_prefix_path')
[0.437s] INFO:colcon.colcon_core.plugin_system:Skipping extension 'colcon_core.shell.bat': Not used on non-Windows systems
[0.437s] INFO:colcon.colcon_core.shell:Creating environment hook '/home/jetcobot/dev_ws/install/mycobot_control/share/mycobot_control/hook/ament_prefix_path.ps1'
[0.438s] INFO:colcon.colcon_core.shell:Creating environment descriptor '/home/jetcobot/dev_ws/install/mycobot_control/share/mycobot_control/hook/ament_prefix_path.dsv'
[0.439s] INFO:colcon.colcon_core.shell:Creating environment hook '/home/jetcobot/dev_ws/install/mycobot_control/share/mycobot_control/hook/ament_prefix_path.sh'
[0.440s] INFO:colcon.colcon_core.shell:Skip shell extension 'powershell' for command environment: Not usable outside of PowerShell
[0.440s] DEBUG:colcon.colcon_core.shell:Skip shell extension 'dsv' for command environment
[0.914s] INFO:colcon.colcon_core.task.python.build:Building Python package in '/home/jetcobot/dev_ws/src/mycobot_control'
[0.914s] INFO:colcon.colcon_core.shell:Skip shell extension 'powershell' for command environment: Not usable outside of PowerShell
[0.914s] DEBUG:colcon.colcon_core.shell:Skip shell extension 'dsv' for command environment
[2.079s] DEBUG:colcon.colcon_core.event_handler.log_command:Invoking command in '/home/jetcobot/dev_ws/src/mycobot_control': DEBUGINFOD_URLS=https://debuginfod.ubuntu.com PS1=(aac0) \[\e]0;\u@\h: \w\a\]${debian_chroot:+($debian_chroot)}\[\033[01;32m\]\u@\h\[\033[00m\]:\[\033[01;34m\]\w\[\033[00m\]\$ PYTHONPATH=/home/jetcobot/dev_ws/build/mycobot_control/prefix_override:/usr/lib/python3/dist-packages/colcon_core/task/python/colcon_distutils_commands:/home/jetcobot/dev_ws/install/mycobot_control/lib/python3.12/site-packages:${PYTHONPATH} VIRTUAL_ENV_PROMPT=(aac0) /usr/bin/python3 -W ignore:setup.py install is deprecated -W ignore:easy_install command is deprecated setup.py egg_info --egg-base ../../build/mycobot_control build --build-base /home/jetcobot/dev_ws/build/mycobot_control/build install --record /home/jetcobot/dev_ws/build/mycobot_control/install.log --single-version-externally-managed install_data
[3.154s] DEBUG:colcon.colcon_core.event_handler.log_command:Invoked command in '/home/jetcobot/dev_ws/src/mycobot_control' returned '0': DEBUGINFOD_URLS=https://debuginfod.ubuntu.com PS1=(aac0) \[\e]0;\u@\h: \w\a\]${debian_chroot:+($debian_chroot)}\[\033[01;32m\]\u@\h\[\033[00m\]:\[\033[01;34m\]\w\[\033[00m\]\$ PYTHONPATH=/home/jetcobot/dev_ws/build/mycobot_control/prefix_override:/usr/lib/python3/dist-packages/colcon_core/task/python/colcon_distutils_commands:/home/jetcobot/dev_ws/install/mycobot_control/lib/python3.12/site-packages:${PYTHONPATH} VIRTUAL_ENV_PROMPT=(aac0) /usr/bin/python3 -W ignore:setup.py install is deprecated -W ignore:easy_install command is deprecated setup.py egg_info --egg-base ../../build/mycobot_control build --build-base /home/jetcobot/dev_ws/build/mycobot_control/build install --record /home/jetcobot/dev_ws/build/mycobot_control/install.log --single-version-externally-managed install_data
[3.158s] Level 1:colcon.colcon_core.environment:checking '/home/jetcobot/dev_ws/install/mycobot_control' for CMake module files
[3.159s] Level 1:colcon.colcon_core.environment:checking '/home/jetcobot/dev_ws/install/mycobot_control' for CMake config files
[3.160s] Level 1:colcon.colcon_core.environment:checking '/home/jetcobot/dev_ws/install/mycobot_control/lib'
[3.160s] Level 1:colcon.colcon_core.environment:checking '/home/jetcobot/dev_ws/install/mycobot_control/bin'
[3.160s] Level 1:colcon.colcon_core.environment:checking '/home/jetcobot/dev_ws/install/mycobot_control/lib/pkgconfig/mycobot_control.pc'
[3.160s] Level 1:colcon.colcon_core.environment:checking '/home/jetcobot/dev_ws/install/mycobot_control/lib/python3.12/site-packages'
[3.161s] Level 1:colcon.colcon_core.shell:create_environment_hook('mycobot_control', 'pythonpath')
[3.161s] INFO:colcon.colcon_core.shell:Creating environment hook '/home/jetcobot/dev_ws/install/mycobot_control/share/mycobot_control/hook/pythonpath.ps1'
[3.162s] INFO:colcon.colcon_core.shell:Creating environment descriptor '/home/jetcobot/dev_ws/install/mycobot_control/share/mycobot_control/hook/pythonpath.dsv'
[3.163s] INFO:colcon.colcon_core.shell:Creating environment hook '/home/jetcobot/dev_ws/install/mycobot_control/share/mycobot_control/hook/pythonpath.sh'
[3.164s] Level 1:colcon.colcon_core.environment:checking '/home/jetcobot/dev_ws/install/mycobot_control/bin'
[3.164s] Level 1:colcon.colcon_core.environment:create_environment_scripts_only(mycobot_control)
[3.164s] INFO:colcon.colcon_core.shell:Creating package script '/home/jetcobot/dev_ws/install/mycobot_control/share/mycobot_control/package.ps1'
[3.165s] INFO:colcon.colcon_core.shell:Creating package descriptor '/home/jetcobot/dev_ws/install/mycobot_control/share/mycobot_control/package.dsv'
[3.166s] INFO:colcon.colcon_core.shell:Creating package script '/home/jetcobot/dev_ws/install/mycobot_control/share/mycobot_control/package.sh'
[3.167s] INFO:colcon.colcon_core.shell:Creating package script '/home/jetcobot/dev_ws/install/mycobot_control/share/mycobot_control/package.bash'
[3.168s] INFO:colcon.colcon_core.shell:Creating package script '/home/jetcobot/dev_ws/install/mycobot_control/share/mycobot_control/package.zsh'
[3.169s] Level 1:colcon.colcon_core.environment:create_file_with_runtime_dependencies(/home/jetcobot/dev_ws/install/mycobot_control/share/colcon-core/packages/mycobot_control)
[3.169s] DEBUG:colcon.colcon_parallel_executor.executor.parallel:closing loop
[3.169s] DEBUG:colcon.colcon_parallel_executor.executor.parallel:loop closed
[3.170s] DEBUG:colcon.colcon_parallel_executor.executor.parallel:run_until_complete finished with '0'
[3.170s] DEBUG:colcon.colcon_core.event_reactor:joining thread
[3.179s] INFO:colcon.colcon_core.plugin_system:Skipping extension 'colcon_notification.desktop_notification.terminal_notifier': Not used on non-Darwin systems
[3.179s] INFO:colcon.colcon_core.plugin_system:Skipping extension 'colcon_notification.desktop_notification.win32': Not used on non-Windows systems
[3.179s] INFO:colcon.colcon_notification.desktop_notification:Sending desktop notification using 'notify2'
[3.198s] DEBUG:colcon.colcon_core.event_reactor:joined thread
[3.199s] INFO:colcon.colcon_core.shell:Creating prefix script '/home/jetcobot/dev_ws/install/local_setup.ps1'
[3.201s] INFO:colcon.colcon_core.shell:Creating prefix util module '/home/jetcobot/dev_ws/install/_local_setup_util_ps1.py'
[3.203s] INFO:colcon.colcon_core.shell:Creating prefix chain script '/home/jetcobot/dev_ws/install/setup.ps1'
[3.208s] INFO:colcon.colcon_core.shell:Creating prefix script '/home/jetcobot/dev_ws/install/local_setup.sh'
[3.209s] INFO:colcon.colcon_core.shell:Creating prefix util module '/home/jetcobot/dev_ws/install/_local_setup_util_sh.py'
[3.211s] INFO:colcon.colcon_core.shell:Creating prefix chain script '/home/jetcobot/dev_ws/install/setup.sh'
[3.216s] INFO:colcon.colcon_core.shell:Creating prefix script '/home/jetcobot/dev_ws/install/local_setup.bash'
[3.217s] INFO:colcon.colcon_core.shell:Creating prefix chain script '/home/jetcobot/dev_ws/install/setup.bash'
[3.222s] INFO:colcon.colcon_core.shell:Creating prefix script '/home/jetcobot/dev_ws/install/local_setup.zsh'
[3.223s] INFO:colcon.colcon_core.shell:Creating prefix chain script '/home/jetcobot/dev_ws/install/setup.zsh'
