running egg_info
writing ../../build/mycobot_control/mycobot_control.egg-info/PKG-INFO
writing dependency_links to ../../build/mycobot_control/mycobot_control.egg-info/dependency_links.txt
writing entry points to ../../build/mycobot_control/mycobot_control.egg-info/entry_points.txt
writing requirements to ../../build/mycobot_control/mycobot_control.egg-info/requires.txt
writing top-level names to ../../build/mycobot_control/mycobot_control.egg-info/top_level.txt
reading manifest file '../../build/mycobot_control/mycobot_control.egg-info/SOURCES.txt'
writing manifest file '../../build/mycobot_control/mycobot_control.egg-info/SOURCES.txt'
running build
running build_py
copying mycobot_control/mycobot_node.py -> /home/jetcobot/dev_ws/build/mycobot_control/build/lib/mycobot_control
running install
running install_lib
copying /home/jetcobot/dev_ws/build/mycobot_control/build/lib/mycobot_control/mycobot_node.py -> /home/jetcobot/dev_ws/install/mycobot_control/lib/python3.12/site-packages/mycobot_control
byte-compiling /home/jetcobot/dev_ws/install/mycobot_control/lib/python3.12/site-packages/mycobot_control/mycobot_node.py to mycobot_node.cpython-312.pyc
running install_data
running install_egg_info
removing '/home/jetcobot/dev_ws/install/mycobot_control/lib/python3.12/site-packages/mycobot_control-0.0.0-py3.12.egg-info' (and everything under it)
Copying ../../build/mycobot_control/mycobot_control.egg-info to /home/jetcobot/dev_ws/install/mycobot_control/lib/python3.12/site-packages/mycobot_control-0.0.0-py3.12.egg-info
running install_scripts
Installing mycobot_node script to /home/jetcobot/dev_ws/install/mycobot_control/lib/mycobot_control
writing list of installed files to '/home/jetcobot/dev_ws/build/mycobot_control/install.log'
