running egg_info
creating ../../build/mycobot_control/mycobot_control.egg-info
writing ../../build/mycobot_control/mycobot_control.egg-info/PKG-INFO
writing dependency_links to ../../build/mycobot_control/mycobot_control.egg-info/dependency_links.txt
writing entry points to ../../build/mycobot_control/mycobot_control.egg-info/entry_points.txt
writing requirements to ../../build/mycobot_control/mycobot_control.egg-info/requires.txt
writing top-level names to ../../build/mycobot_control/mycobot_control.egg-info/top_level.txt
writing manifest file '../../build/mycobot_control/mycobot_control.egg-info/SOURCES.txt'
reading manifest file '../../build/mycobot_control/mycobot_control.egg-info/SOURCES.txt'
writing manifest file '../../build/mycobot_control/mycobot_control.egg-info/SOURCES.txt'
running build
running build_py
creating /home/jetcobot/dev_ws/build/mycobot_control/build
creating /home/jetcobot/dev_ws/build/mycobot_control/build/lib
creating /home/jetcobot/dev_ws/build/mycobot_control/build/lib/mycobot_control
copying mycobot_control/__init__.py -> /home/jetcobot/dev_ws/build/mycobot_control/build/lib/mycobot_control
copying mycobot_control/mycobot_node.py -> /home/jetcobot/dev_ws/build/mycobot_control/build/lib/mycobot_control
running install
running install_lib
creating /home/jetcobot/dev_ws/install/mycobot_control/lib/python3.12/site-packages/mycobot_control
copying /home/jetcobot/dev_ws/build/mycobot_control/build/lib/mycobot_control/__init__.py -> /home/jetcobot/dev_ws/install/mycobot_control/lib/python3.12/site-packages/mycobot_control
copying /home/jetcobot/dev_ws/build/mycobot_control/build/lib/mycobot_control/mycobot_node.py -> /home/jetcobot/dev_ws/install/mycobot_control/lib/python3.12/site-packages/mycobot_control
byte-compiling /home/jetcobot/dev_ws/install/mycobot_control/lib/python3.12/site-packages/mycobot_control/__init__.py to __init__.cpython-312.pyc
byte-compiling /home/jetcobot/dev_ws/install/mycobot_control/lib/python3.12/site-packages/mycobot_control/mycobot_node.py to mycobot_node.cpython-312.pyc
running install_data
creating /home/jetcobot/dev_ws/install/mycobot_control/share/ament_index
creating /home/jetcobot/dev_ws/install/mycobot_control/share/ament_index/resource_index
creating /home/jetcobot/dev_ws/install/mycobot_control/share/ament_index/resource_index/packages
copying resource/mycobot_control -> /home/jetcobot/dev_ws/install/mycobot_control/share/ament_index/resource_index/packages
copying package.xml -> /home/jetcobot/dev_ws/install/mycobot_control/share/mycobot_control
running install_egg_info
Copying ../../build/mycobot_control/mycobot_control.egg-info to /home/jetcobot/dev_ws/install/mycobot_control/lib/python3.12/site-packages/mycobot_control-0.0.0-py3.12.egg-info
running install_scripts
