[1.645s] Invoking command in '/home/jetcobot/dev_ws/src/mycobot_control': DEBUGINFOD_URLS=https://debuginfod.ubuntu.com PS1=(aac0) \[\e]0;\u@\h: \w\a\]${debian_chroot:+($debian_chroot)}\[\033[01;32m\]\u@\h\[\033[00m\]:\[\033[01;34m\]\w\[\033[00m\]\$ PYTHONPATH=/home/jetcobot/dev_ws/build/mycobot_control/prefix_override:/usr/lib/python3/dist-packages/colcon_core/task/python/colcon_distutils_commands:/home/jetcobot/dev_ws/install/mycobot_control/lib/python3.12/site-packages:${PYTHONPATH} VIRTUAL_ENV_PROMPT=(aac0) /usr/bin/python3 -W ignore:setup.py install is deprecated -W ignore:easy_install command is deprecated setup.py egg_info --egg-base ../../build/mycobot_control build --build-base /home/jetcobot/dev_ws/build/mycobot_control/build install --record /home/jetcobot/dev_ws/build/mycobot_control/install.log --single-version-externally-managed install_data
[2.165s] running egg_info
[2.202s] writing ../../build/mycobot_control/mycobot_control.egg-info/PKG-INFO
[2.202s] writing dependency_links to ../../build/mycobot_control/mycobot_control.egg-info/dependency_links.txt
[2.203s] writing entry points to ../../build/mycobot_control/mycobot_control.egg-info/entry_points.txt
[2.204s] writing requirements to ../../build/mycobot_control/mycobot_control.egg-info/requires.txt
[2.205s] writing top-level names to ../../build/mycobot_control/mycobot_control.egg-info/top_level.txt
[2.283s] reading manifest file '../../build/mycobot_control/mycobot_control.egg-info/SOURCES.txt'
[2.284s] writing manifest file '../../build/mycobot_control/mycobot_control.egg-info/SOURCES.txt'
[2.284s] running build
[2.284s] running build_py
[2.285s] copying mycobot_control/mycobot_node.py -> /home/jetcobot/dev_ws/build/mycobot_control/build/lib/mycobot_control
[2.285s] running install
[2.295s] running install_lib
[2.334s] copying /home/jetcobot/dev_ws/build/mycobot_control/build/lib/mycobot_control/mycobot_node.py -> /home/jetcobot/dev_ws/install/mycobot_control/lib/python3.12/site-packages/mycobot_control
[2.335s] byte-compiling /home/jetcobot/dev_ws/install/mycobot_control/lib/python3.12/site-packages/mycobot_control/mycobot_node.py to mycobot_node.cpython-312.pyc
[2.336s] running install_data
[2.336s] running install_egg_info
[2.378s] removing '/home/jetcobot/dev_ws/install/mycobot_control/lib/python3.12/site-packages/mycobot_control-0.0.0-py3.12.egg-info' (and everything under it)
[2.378s] Copying ../../build/mycobot_control/mycobot_control.egg-info to /home/jetcobot/dev_ws/install/mycobot_control/lib/python3.12/site-packages/mycobot_control-0.0.0-py3.12.egg-info
[2.379s] running install_scripts
[2.639s] Installing mycobot_node script to /home/jetcobot/dev_ws/install/mycobot_control/lib/mycobot_control
[2.640s] writing list of installed files to '/home/jetcobot/dev_ws/build/mycobot_control/install.log'
[2.721s] Invoked command in '/home/jetcobot/dev_ws/src/mycobot_control' returned '0': DEBUGINFOD_URLS=https://debuginfod.ubuntu.com PS1=(aac0) \[\e]0;\u@\h: \w\a\]${debian_chroot:+($debian_chroot)}\[\033[01;32m\]\u@\h\[\033[00m\]:\[\033[01;34m\]\w\[\033[00m\]\$ PYTHONPATH=/home/jetcobot/dev_ws/build/mycobot_control/prefix_override:/usr/lib/python3/dist-packages/colcon_core/task/python/colcon_distutils_commands:/home/jetcobot/dev_ws/install/mycobot_control/lib/python3.12/site-packages:${PYTHONPATH} VIRTUAL_ENV_PROMPT=(aac0) /usr/bin/python3 -W ignore:setup.py install is deprecated -W ignore:easy_install command is deprecated setup.py egg_info --egg-base ../../build/mycobot_control build --build-base /home/jetcobot/dev_ws/build/mycobot_control/build install --record /home/jetcobot/dev_ws/build/mycobot_control/install.log --single-version-externally-managed install_data
